<?xml version="1.0" encoding="UTF-8"?>
<testng-results ignored="1" total="2" passed="1" failed="0" skipped="0">
  <reporter-output>
  </reporter-output>
  <suite started-at="2024-09-07T01:04:09 EET" name="Default suite" finished-at="2024-09-07T03:05:52 EET" duration-ms="7302705">
    <groups>
    </groups>
    <test started-at="2024-09-07T01:04:09 EET" name="Default test" finished-at="2024-09-07T03:05:52 EET" duration-ms="7302705">
      <class name="myClass">
        <test-method is-config="true" signature="mysetUp()[pri:0, instance:myClass@cc43f62]" started-at="2024-09-07T01:04:09 EET" name="mysetUp" finished-at="2024-09-07T01:04:09 EET" duration-ms="136" status="PASS">
          <reporter-output>
          </reporter-output>
        </test-method> <!-- mysetUp -->
        <test-method signature="clickOnAllNumbers()[pri:0, instance:myClass@cc43f62]" started-at="2024-09-07T01:04:09 EET" name="clickOnAllNumbers" finished-at="2024-09-07T03:05:52 EET" duration-ms="7302385" status="PASS">
          <reporter-output>
          </reporter-output>
        </test-method> <!-- clickOnAllNumbers -->
      </class> <!-- myClass -->
    </test> <!-- Default test -->
  </suite> <!-- Default suite -->
</testng-results>
